:) => http://us.i1.yimg.com/us.yimg.com/i/mesg/emoticons7/1.gif
:( => http://us.i1.yimg.com/us.yimg.com/i/mesg/emoticons7/2.gif
;) => http://us.i1.yimg.com/us.yimg.com/i/mesg/emoticons7/3.gif
:D => http://us.i1.yimg.com/us.yimg.com/i/mesg/emoticons7/4.gif
;;) => http://us.i1.yimg.com/us.yimg.com/i/mesg/emoticons7/5.gif
>:D< => http://us.i1.yimg.com/us.yimg.com/i/mesg/emoticons7/6.gif
:-/ => http://us.i1.yimg.com/us.yimg.com/i/mesg/emoticons7/7.gif
:x => http://us.i1.yimg.com/us.yimg.com/i/mesg/emoticons7/8.gif
:"> => http://us.i1.yimg.com/us.yimg.com/i/mesg/emoticons7/9.gif
:P => http://us.i1.yimg.com/us.yimg.com/i/mesg/emoticons7/10.gif
:-* => http://us.i1.yimg.com/us.yimg.com/i/mesg/emoticons7/11.gif
=(( => http://us.i1.yimg.com/us.yimg.com/i/mesg/emoticons7/12.gif
:-O => http://us.i1.yimg.com/us.yimg.com/i/mesg/emoticons7/13.gif
X( => http://us.i1.yimg.com/us.yimg.com/i/mesg/emoticons7/14.gif
:> => http://us.i1.yimg.com/us.yimg.com/i/mesg/emoticons7/15.gif
:-> => http://us.i1.yimg.com/us.yimg.com/i/mesg/emoticons7/15.gif
B-) => http://us.i1.yimg.com/us.yimg.com/i/mesg/emoticons7/16.gif
:-S => http://us.i1.yimg.com/us.yimg.com/i/mesg/emoticons7/17.gif
#:-S => http://us.i1.yimg.com/us.yimg.com/i/mesg/emoticons7/18.gif
>:) => http://us.i1.yimg.com/us.yimg.com/i/mesg/emoticons7/19.gif
:(( => http://us.i1.yimg.com/us.yimg.com/i/mesg/emoticons7/20.gif
:)) => http://us.i1.yimg.com/us.yimg.com/i/mesg/emoticons7/21.gif
:| => http://us.i1.yimg.com/us.yimg.com/i/mesg/emoticons7/22.gif
/:) => http://us.i1.yimg.com/us.yimg.com/i/mesg/emoticons7/23.gif
=)) => http://us.i1.yimg.com/us.yimg.com/i/mesg/emoticons7/24.gif
O:-) => http://us.i1.yimg.com/us.yimg.com/i/mesg/emoticons7/25.gif
:-B => http://us.i1.yimg.com/us.yimg.com/i/mesg/emoticons7/26.gif
=; => http://us.i1.yimg.com/us.yimg.com/i/mesg/emoticons7/27.gif
:-c => http://us.i1.yimg.com/us.yimg.com/i/mesg/emoticons7/101.gif
:)] => http://us.i1.yimg.com/us.yimg.com/i/mesg/emoticons7/100.gif
~X( => http://us.i1.yimg.com/us.yimg.com/i/mesg/emoticons7/102.gif
:-h => http://us.i1.yimg.com/us.yimg.com/i/mesg/emoticons7/103.gif
:-t => http://us.i1.yimg.com/us.yimg.com/i/mesg/emoticons7/104.gif
8-> => http://us.i1.yimg.com/us.yimg.com/i/mesg/emoticons7/105.gif
I-) => http://us.i1.yimg.com/us.yimg.com/i/mesg/emoticons7/28.gif
8-| => http://us.i1.yimg.com/us.yimg.com/i/mesg/emoticons7/29.gif
L-) => http://us.i1.yimg.com/us.yimg.com/i/mesg/emoticons7/30.gif
:-& => http://us.i1.yimg.com/us.yimg.com/i/mesg/emoticons7/31.gif
:-$ => http://us.i1.yimg.com/us.yimg.com/i/mesg/emoticons7/32.gif
[-( => http://us.i1.yimg.com/us.yimg.com/i/mesg/emoticons7/33.gif
:O) => http://us.i1.yimg.com/us.yimg.com/i/mesg/emoticons7/34.gif
8-} => http://us.i1.yimg.com/us.yimg.com/i/mesg/emoticons7/35.gif
<:-P => http://us.i1.yimg.com/us.yimg.com/i/mesg/emoticons7/36.gif
(:| => http://us.i1.yimg.com/us.yimg.com/i/mesg/emoticons7/37.gif
=P~ => http://us.i1.yimg.com/us.yimg.com/i/mesg/emoticons7/38.gif
:-? => http://us.i1.yimg.com/us.yimg.com/i/mesg/emoticons7/39.gif
#-o => http://us.i1.yimg.com/us.yimg.com/i/mesg/emoticons7/40.gif
=D> => http://us.i1.yimg.com/us.yimg.com/i/mesg/emoticons7/41.gif
:-SS => http://us.i1.yimg.com/us.yimg.com/i/mesg/emoticons7/42.gif
@-) => http://us.i1.yimg.com/us.yimg.com/i/mesg/emoticons7/43.gif
:^o => http://us.i1.yimg.com/us.yimg.com/i/mesg/emoticons7/44.gif
:-w => http://us.i1.yimg.com/us.yimg.com/i/mesg/emoticons7/45.gif
:-< => http://us.i1.yimg.com/us.yimg.com/i/mesg/emoticons7/46.gif
>:P => http://us.i1.yimg.com/us.yimg.com/i/mesg/emoticons7/47.gif
>):) => http://us.i1.yimg.com/us.yimg.com/i/mesg/emoticons7/48.gif
X_X => http://us.i1.yimg.com/us.yimg.com/i/mesg/emoticons7/109.gif
:!! => http://us.i1.yimg.com/us.yimg.com/i/mesg/emoticons7/110.gif
\m/ => http://us.i1.yimg.com/us.yimg.com/i/mesg/emoticons7/111.gif
:-q => http://us.i1.yimg.com/us.yimg.com/i/mesg/emoticons7/112.gif
:-bd => http://us.i1.yimg.com/us.yimg.com/i/mesg/emoticons7/113.gif
^#(^ => http://us.i1.yimg.com/us.yimg.com/i/mesg/emoticons7/114.gif
:bz => http://us.i1.yimg.com/us.yimg.com/i/mesg/emoticons7/115.gif
:o3 => http://us.i1.yimg.com/us.yimg.com/i/mesg/emoticons7/108.gif
:-?? => http://us.i1.yimg.com/us.yimg.com/i/mesg/emoticons7/106.gif
%-( => http://us.i1.yimg.com/us.yimg.com/i/mesg/emoticons7/107.gif
:@) => http://us.i1.yimg.com/us.yimg.com/i/mesg/emoticons7/49.gif
:(|) => http://us.i1.yimg.com/us.yimg.com/i/mesg/emoticons7/51.gif
~:> => http://us.i1.yimg.com/us.yimg.com/i/mesg/emoticons7/52.gif
@};- => http://us.i1.yimg.com/us.yimg.com/i/mesg/emoticons7/53.gif
8-X => http://us.i1.yimg.com/us.yimg.com/i/mesg/emoticons7/59.gif
:-L => http://us.i1.yimg.com/us.yimg.com/i/mesg/emoticons7/62.gif
[-O< => http://us.i1.yimg.com/us.yimg.com/i/mesg/emoticons7/63.gif
$-) => http://us.i1.yimg.com/us.yimg.com/i/mesg/emoticons7/64.gif
:-" => http://us.i1.yimg.com/us.yimg.com/i/mesg/emoticons7/65.gif
b-( => http://us.i1.yimg.com/us.yimg.com/i/mesg/emoticons7/66.gif
:)>- => http://us.i1.yimg.com/us.yimg.com/i/mesg/emoticons7/67.gif
[-X => http://us.i1.yimg.com/us.yimg.com/i/mesg/emoticons7/68.gif
\:D/ => http://us.i1.yimg.com/us.yimg.com/i/mesg/emoticons7/69.gif
>:/ => http://us.i1.yimg.com/us.yimg.com/i/mesg/emoticons7/70.gif
;)) => http://us.i1.yimg.com/us.yimg.com/i/mesg/emoticons7/71.gif
:-@ => http://us.i1.yimg.com/us.yimg.com/i/mesg/emoticons7/76.gif
^:)^ => http://us.i1.yimg.com/us.yimg.com/i/mesg/emoticons7/77.gif
:-j => http://us.i1.yimg.com/us.yimg.com/i/mesg/emoticons7/78.gif
(*) => http://us.i1.yimg.com/us.yimg.com/i/mesg/emoticons7/79.gif